<?xml version="1.0" encoding="UTF-8"?>
<!-- Generated by org.testng.reporters.JUnitXMLReporter -->
<testsuite ignored="0" hostname="E0727247" failures="0" tests="5" name="Command line test" time="38.381" errors="0" timestamp="2021-08-24T18:28:03 EET">
  <testcase classname="TestScenario" name="testSearchInTheHomePage" time="9.133"/>
  <testcase classname="TestScenario" name="testChangeSearchKeywordInResultsPage" time="6.777"/>
  <testcase classname="TestScenario" name="testSearchForAWordThatDoesNotProduceResults" time="1.131"/>
  <testcase classname="TestScenario" name="testSearchSuggestions" time="0.346"/>
  <testcase classname="TestScenario" name="testIfSearchFieldInHomePageKeepsHistory" time="2.407"/>
</testsuite> <!-- Command line test -->
